Using pre-set license
Built from '2020.3/staging' branch; Version is '2020.3.19f1 (68f137dc9bbe) revision 6877495'; Using compiler version '192528614'; Build Type 'Release'
OS: 'Windows 10 Home; OS build 19042.1237; Version 2009; 64bit' Language: 'en' Physical Memory: 32713 MB
BatchMode: 1, IsHumanControllingUs: 0, StartBugReporterOnCrash: 0, Is64bit: 1, IsPro: 0

COMMAND LINE ARGUMENTS:
C:\Program Files\Unity\Hub\Editor\2020.3.19f1\Editor\Unity.exe
-adb2
-batchMode
-noUpm
-name
AssetImportWorker0
-projectPath
C:/Users/jc/Desktop/ajt_gitv2/AJT21/ajt21
-logFile
Logs/AssetImportWorker0.log
-srvPort
58309
Successfully changed project path to: C:/Users/jc/Desktop/ajt_gitv2/AJT21/ajt21
C:/Users/jc/Desktop/ajt_gitv2/AJT21/ajt21
Using Asset Import Pipeline V2.
Refreshing native plugins compatible for Editor in 45.22 ms, found 2 plugins.
Preloading 0 native plugins for Editor in 0.00 ms.
Initialize engine version: 2020.3.19f1 (68f137dc9bbe)
[Subsystems] Discovering subsystems at path C:/Program Files/Unity/Hub/Editor/2020.3.19f1/Editor/Data/Resources/UnitySubsystems
[Subsystems] Discovering subsystems at path C:/Users/jc/Desktop/ajt_gitv2/AJT21/ajt21/Assets
GfxDevice: creating device client; threaded=0
Direct3D:
    Version:  Direct3D 11.0 [level 11.1]
    Renderer: AMD Radeon RX 5700 XT (ID=0x731f)
    Vendor:   
    VRAM:     8151 MB
    Driver:   27.20.22001.14011
Initialize mono
Mono path[0] = 'C:/Program Files/Unity/Hub/Editor/2020.3.19f1/Editor/Data/Managed'
Mono path[1] = 'C:/Program Files/Unity/Hub/Editor/2020.3.19f1/Editor/Data/MonoBleedingEdge/lib/mono/unityjit'
Mono config path = 'C:/Program Files/Unity/Hub/Editor/2020.3.19f1/Editor/Data/MonoBleedingEdge/etc'
Using monoOptions --debugger-agent=transport=dt_socket,embedding=1,server=y,suspend=n,address=127.0.0.1:56180
Begin MonoManager ReloadAssembly
Registering precompiled unity dll's ...
Register platform support module: C:/Program Files/Unity/Hub/Editor/2020.3.19f1/Editor/Data/PlaybackEngines/WebGLSupport/UnityEditor.WebGL.Extensions.dll
Register platform support module: C:/Program Files/Unity/Hub/Editor/2020.3.19f1/Editor/Data/PlaybackEngines/MacStandaloneSupport/UnityEditor.OSXStandalone.Extensions.dll
Register platform support module: C:/Program Files/Unity/Hub/Editor/2020.3.19f1/Editor/Data/PlaybackEngines/WindowsStandaloneSupport/UnityEditor.WindowsStandalone.Extensions.dll
Registered in 0.003001 seconds.
Native extension for WindowsStandalone target not found
Native extension for OSXStandalone target not found
Native extension for WebGL target not found
Refreshing native plugins compatible for Editor in 43.29 ms, found 2 plugins.
Preloading 0 native plugins for Editor in 0.00 ms.
Mono: successfully reloaded assembly
- Completed reload, in  1.806 seconds
Domain Reload Profiling:
	ReloadAssembly (1806ms)
		BeginReloadAssembly (51ms)
			ExecutionOrderSort (0ms)
			DisableScriptedObjects (0ms)
			BackupInstance (0ms)
			ReleaseScriptingObjects (0ms)
			CreateAndSetChildDomain (1ms)
		EndReloadAssembly (404ms)
			LoadAssemblies (50ms)
			RebuildTransferFunctionScriptingTraits (0ms)
			SetupTypeCache (150ms)
			ReleaseScriptCaches (0ms)
			RebuildScriptCaches (26ms)
			SetupLoadedEditorAssemblies (159ms)
				LogAssemblyErrors (0ms)
				InitializePlatformSupportModulesInManaged (6ms)
				SetLoadedEditorAssemblies (0ms)
				RefreshPlugins (43ms)
				BeforeProcessingInitializeOnLoad (9ms)
				ProcessInitializeOnLoadAttributes (73ms)
				ProcessInitializeOnLoadMethodAttributes (27ms)
				AfterProcessingInitializeOnLoad (0ms)
				EditorAssembliesLoaded (0ms)
			ExecutionOrderSort2 (0ms)
			AwakeInstancesAfterBackupRestoration (0ms)
Platform modules already initialized, skipping
Registering precompiled user dll's ...
Registered in 0.003211 seconds.
Begin MonoManager ReloadAssembly
Native extension for WindowsStandalone target not found
Native extension for OSXStandalone target not found
Native extension for WebGL target not found
Refreshing native plugins compatible for Editor in 0.63 ms, found 2 plugins.
Preloading 0 native plugins for Editor in 0.00 ms.
Mono: successfully reloaded assembly
- Completed reload, in  0.975 seconds
Domain Reload Profiling:
	ReloadAssembly (976ms)
		BeginReloadAssembly (135ms)
			ExecutionOrderSort (0ms)
			DisableScriptedObjects (4ms)
			BackupInstance (0ms)
			ReleaseScriptingObjects (0ms)
			CreateAndSetChildDomain (19ms)
		EndReloadAssembly (780ms)
			LoadAssemblies (81ms)
			RebuildTransferFunctionScriptingTraits (0ms)
			SetupTypeCache (271ms)
			ReleaseScriptCaches (1ms)
			RebuildScriptCaches (47ms)
			SetupLoadedEditorAssemblies (297ms)
				LogAssemblyErrors (0ms)
				InitializePlatformSupportModulesInManaged (6ms)
				SetLoadedEditorAssemblies (0ms)
				RefreshPlugins (1ms)
				BeforeProcessingInitializeOnLoad (59ms)
				ProcessInitializeOnLoadAttributes (220ms)
				ProcessInitializeOnLoadMethodAttributes (4ms)
				AfterProcessingInitializeOnLoad (6ms)
				EditorAssembliesLoaded (0ms)
			ExecutionOrderSort2 (0ms)
			AwakeInstancesAfterBackupRestoration (6ms)
Platform modules already initialized, skipping
========================================================================
Worker process is ready to serve import requests
Launched and connected shader compiler UnityShaderCompiler.exe after 0.08 seconds
Refreshing native plugins compatible for Editor in 0.54 ms, found 2 plugins.
Preloading 0 native plugins for Editor in 0.00 ms.
Unloading 1910 Unused Serialized files (Serialized files now loaded: 0)
System memory in use before: 87.6 MB.
System memory in use after: 87.7 MB.

Unloading 17 unused Assets to reduce memory usage. Loaded Objects now: 2353.
Total: 3.363300 ms (FindLiveObjects: 0.436800 ms CreateObjectMapping: 0.088900 ms MarkObjects: 2.812500 ms  DeleteObjects: 0.023300 ms)

AssetImportParameters requested are different than current active one (requested -> active):
  custom:framework-win-MediaFoundation: 216162199b28c13a410421893ffa2e32 -> 
  custom:video-decoder-ogg-theora: a1e56fd34408186e4bbccfd4996cb3dc -> 
  custom:container-muxer-webm: aa71ff27fc2769a1b78a27578f13a17b -> 
  custom:container-demuxer-webm: 4f35f7cbe854078d1ac9338744f61a02 -> 
  custom:container-demuxer-ogg: 62fdf1f143b41e24485cea50d1cbac27 -> 
  custom:video-encoder-webm-vp8: eb34c28f22e8b96e1ab97ce403110664 -> 
  custom:video-decoder-webm-vp8: 9c59270c3fd7afecdb556c50c9e8de78 -> 
  custom:audio-decoder-ogg-vorbis: bf7c407c2cedff20999df2af8eb42d56 -> 
  custom:audio-encoder-webm-vorbis: bf7c407c2cedff20999df2af8eb42d56 -> 
========================================================================
Received Import Request.
  path: Assets/Art/Player Sprites/Gun Shot standing/IMG_8783.PNG
  artifactKey: Guid(6157e3e64cf5c4f4f87496c850555465) Importer(815301076,1909f56bfc062723c751e8b465ee728b)
Start importing Assets/Art/Player Sprites/Gun Shot standing/IMG_8783.PNG using Guid(6157e3e64cf5c4f4f87496c850555465) Importer(815301076,1909f56bfc062723c751e8b465ee728b)  -> (artifact id: '4a3799bb443a544f76e561437ab0ec72') in 0.069697 seconds 
  Import took 0.072604 seconds .

========================================================================
Received Import Request.
  Time since last request: 0.000217 seconds.
  path: Assets/Art/Player Sprites/Gun Shot standing/IMG_8782.PNG
  artifactKey: Guid(5bda389f631690d48a682cdc468a3f92) Importer(815301076,1909f56bfc062723c751e8b465ee728b)
Start importing Assets/Art/Player Sprites/Gun Shot standing/IMG_8782.PNG using Guid(5bda389f631690d48a682cdc468a3f92) Importer(815301076,1909f56bfc062723c751e8b465ee728b)  -> (artifact id: '12f5c420fb1c139f9ad04532275107cd') in 0.017073 seconds 
  Import took 0.020483 seconds .

========================================================================
Received Import Request.
  Time since last request: 0.000254 seconds.
  path: Assets/Art/Player Sprites/Gun Shot standing
  artifactKey: Guid(7aea010f8a53da94f9cf85858fcd7872) Importer(815301076,1909f56bfc062723c751e8b465ee728b)
Start importing Assets/Art/Player Sprites/Gun Shot standing using Guid(7aea010f8a53da94f9cf85858fcd7872) Importer(815301076,1909f56bfc062723c751e8b465ee728b)  -> (artifact id: '9aecd6b4d8f5656991070cd272c616a6') in 0.006681 seconds 
  Import took 0.009723 seconds .

========================================================================
Received Import Request.
  Time since last request: 0.408759 seconds.
  path: Assets/Art/Player Sprites/Gun Shot standing/IMG_8785.PNG
  artifactKey: Guid(16eb2a01024140448a9b1e747b2c0fe6) Importer(815301076,1909f56bfc062723c751e8b465ee728b)
Start importing Assets/Art/Player Sprites/Gun Shot standing/IMG_8785.PNG using Guid(16eb2a01024140448a9b1e747b2c0fe6) Importer(815301076,1909f56bfc062723c751e8b465ee728b)  -> (artifact id: 'e4243734cee8add0068c17fb1d20b52f') in 0.012630 seconds 
  Import took 0.016388 seconds .

========================================================================
Received Import Request.
  Time since last request: 0.680937 seconds.
  path: Assets/Art/Player Sprites/Gun Shot standing/IMG_8784.PNG
  artifactKey: Guid(c861f5ac0d47f984683109adcc8b2939) Importer(815301076,1909f56bfc062723c751e8b465ee728b)
Start importing Assets/Art/Player Sprites/Gun Shot standing/IMG_8784.PNG using Guid(c861f5ac0d47f984683109adcc8b2939) Importer(815301076,1909f56bfc062723c751e8b465ee728b)  -> (artifact id: '64a256ccf60737ab6657c16ffe3e54bd') in 0.014560 seconds 
  Import took 0.017779 seconds .

========================================================================
Received Import Request.
  Time since last request: 17.426734 seconds.
  path: Assets/Art/Player Sprites/Ninja star throw
  artifactKey: Guid(659018809acc5b54da00b09d0db55bea) Importer(815301076,1909f56bfc062723c751e8b465ee728b)
Start importing Assets/Art/Player Sprites/Ninja star throw using Guid(659018809acc5b54da00b09d0db55bea) Importer(815301076,1909f56bfc062723c751e8b465ee728b)  -> (artifact id: 'd4d82be5c4c29d7883e4d4eba87560a4') in 0.007930 seconds 
  Import took 0.011116 seconds .

========================================================================
Received Import Request.
  Time since last request: 0.564522 seconds.
  path: Assets/Art/Player Sprites/Kick
  artifactKey: Guid(e046f98f16528be4688019d9e2bae233) Importer(815301076,1909f56bfc062723c751e8b465ee728b)
Start importing Assets/Art/Player Sprites/Kick using Guid(e046f98f16528be4688019d9e2bae233) Importer(815301076,1909f56bfc062723c751e8b465ee728b)  -> (artifact id: '98b798677c0493aaee877c19acafd32e') in 0.006408 seconds 
  Import took 0.009583 seconds .

========================================================================
Received Import Request.
  Time since last request: 0.492011 seconds.
  path: Assets/Art/Player Sprites/Ninja star projectile
  artifactKey: Guid(6178abb2fc9a7a74d99799d6ed7e59a9) Importer(815301076,1909f56bfc062723c751e8b465ee728b)
Start importing Assets/Art/Player Sprites/Ninja star projectile using Guid(6178abb2fc9a7a74d99799d6ed7e59a9) Importer(815301076,1909f56bfc062723c751e8b465ee728b)  -> (artifact id: 'e26b4dc5512167793f788e49ec6fe68c') in 0.006547 seconds 
  Import took 0.010450 seconds .

========================================================================
Received Import Request.
  Time since last request: 1.771923 seconds.
  path: Assets/Art/Player Sprites/Jump
  artifactKey: Guid(e90ab8496be93f64e94ee0f66286d00d) Importer(815301076,1909f56bfc062723c751e8b465ee728b)
Start importing Assets/Art/Player Sprites/Jump using Guid(e90ab8496be93f64e94ee0f66286d00d) Importer(815301076,1909f56bfc062723c751e8b465ee728b)  -> (artifact id: 'ae7502cd5fc939552d5c7103e77ba1aa') in 0.006374 seconds 
  Import took 0.009591 seconds .

========================================================================
Received Import Request.
  Time since last request: 26.730802 seconds.
  path: Assets/Art/WaterBoss/Idle
  artifactKey: Guid(b34f5532ba2f414458d3f51bc8f864dc) Importer(815301076,1909f56bfc062723c751e8b465ee728b)
Start importing Assets/Art/WaterBoss/Idle using Guid(b34f5532ba2f414458d3f51bc8f864dc) Importer(815301076,1909f56bfc062723c751e8b465ee728b)  -> (artifact id: '519abfd94aab7d8c45f0c63ec877d5d0') in 0.006557 seconds 
  Import took 0.009711 seconds .

========================================================================
Received Import Request.
  Time since last request: 1.495820 seconds.
  path: Assets/Art/WaterBoss/Idle/IMG_8786.PNG
  artifactKey: Guid(a0041991ccb4ad34787e168f16d3bf0b) Importer(815301076,1909f56bfc062723c751e8b465ee728b)
Start importing Assets/Art/WaterBoss/Idle/IMG_8786.PNG using Guid(a0041991ccb4ad34787e168f16d3bf0b) Importer(815301076,1909f56bfc062723c751e8b465ee728b)  -> (artifact id: 'a1417fdc8b0607d9abdc521e1e10a5b4') in 0.014363 seconds 
  Import took 0.018217 seconds .

AssetImportWorkerClient::OnTransportError - code=2 error=End of file
